<?xml version="1.0" encoding="UTF-8"?>
<testng-results ignored="0" total="1" passed="1" failed="0" skipped="0">
  <reporter-output>
  </reporter-output>
  <suite started-at="2025-01-31T14:41:46 IST" name="Suite" finished-at="2025-01-31T14:42:03 IST" duration-ms="17525">
    <groups>
    </groups>
    <test started-at="2025-01-31T14:41:46 IST" name="Test" finished-at="2025-01-31T14:42:03 IST" duration-ms="17525">
      <class name="testClasses.TC2_LoginClass">
        <test-method is-config="true" signature="setup(java.lang.String)[pri:0, instance:testClasses.TC2_LoginClass@459e9125]" started-at="2025-01-31T14:41:46 IST" name="setup" finished-at="2025-01-31T14:41:59 IST" duration-ms="13025" status="PASS">
          <params>
            <param index="0">
              <value>
                <![CDATA[chrome]]>
              </value>
            </param>
          </params>
          <reporter-output>
          </reporter-output>
        </test-method> <!-- setup -->
        <test-method signature="verify_Login()[pri:0, instance:testClasses.TC2_LoginClass@459e9125]" started-at="2025-01-31T14:41:59 IST" name="verify_Login" finished-at="2025-01-31T14:42:03 IST" duration-ms="3585" status="PASS">
          <reporter-output>
          </reporter-output>
        </test-method> <!-- verify_Login -->
        <test-method is-config="true" signature="teardown()[pri:0, instance:testClasses.TC2_LoginClass@459e9125]" started-at="2025-01-31T14:42:03 IST" name="teardown" finished-at="2025-01-31T14:42:03 IST" duration-ms="780" status="PASS">
          <reporter-output>
          </reporter-output>
        </test-method> <!-- teardown -->
      </class> <!-- testClasses.TC2_LoginClass -->
    </test> <!-- Test -->
  </suite> <!-- Suite -->
</testng-results>
