<?xml version="1.0" encoding="UTF-8"?>
<testng-results ignored="0" total="1" passed="1" failed="0" skipped="0">
  <reporter-output>
  </reporter-output>
  <suite started-at="2025-02-23T12:41:10 IST" name="Suite" finished-at="2025-02-23T12:41:38 IST" duration-ms="28687">
    <groups>
    </groups>
    <test started-at="2025-02-23T12:41:10 IST" name="Test" finished-at="2025-02-23T12:41:38 IST" duration-ms="28687">
      <class name="testClasses.TC01_RegistrationClass">
        <test-method is-config="true" signature="setup(java.lang.String)[pri:0, instance:testClasses.TC01_RegistrationClass@7d8995e]" started-at="2025-02-23T12:41:10 IST" name="setup" finished-at="2025-02-23T12:41:32 IST" duration-ms="22583" status="PASS">
          <params>
            <param index="0">
              <value>
                <![CDATA[chrome]]>
              </value>
            </param>
          </params>
          <reporter-output>
          </reporter-output>
        </test-method> <!-- setup -->
        <test-method signature="verify_AccountRegistration()[pri:0, instance:testClasses.TC01_RegistrationClass@7d8995e]" started-at="2025-02-23T12:41:32 IST" name="verify_AccountRegistration" finished-at="2025-02-23T12:41:37 IST" duration-ms="5229" status="PASS">
          <reporter-output>
          </reporter-output>
        </test-method> <!-- verify_AccountRegistration -->
        <test-method is-config="true" signature="teardown()[pri:0, instance:testClasses.TC01_RegistrationClass@7d8995e]" started-at="2025-02-23T12:41:38 IST" name="teardown" finished-at="2025-02-23T12:41:38 IST" duration-ms="735" status="PASS">
          <reporter-output>
          </reporter-output>
        </test-method> <!-- teardown -->
      </class> <!-- testClasses.TC01_RegistrationClass -->
    </test> <!-- Test -->
  </suite> <!-- Suite -->
</testng-results>
