<?xml version="1.0" encoding="UTF-8"?>
<testng-results ignored="0" total="1" passed="1" failed="0" skipped="0">
  <reporter-output>
  </reporter-output>
  <suite started-at="2025-01-31T15:03:32 IST" name="Suite" finished-at="2025-01-31T15:03:53 IST" duration-ms="20831">
    <groups>
    </groups>
    <test started-at="2025-01-31T15:03:32 IST" name="Test" finished-at="2025-01-31T15:03:53 IST" duration-ms="20831">
      <class name="testClasses.TC2_LoginClass">
        <test-method is-config="true" signature="setup(java.lang.String)[pri:0, instance:testClasses.TC2_LoginClass@7d8995e]" started-at="2025-01-31T15:03:32 IST" name="setup" finished-at="2025-01-31T15:03:46 IST" duration-ms="13831" status="PASS">
          <params>
            <param index="0">
              <value>
                <![CDATA[chrome]]>
              </value>
            </param>
          </params>
          <reporter-output>
          </reporter-output>
        </test-method> <!-- setup -->
        <test-method signature="verify_Login()[pri:0, instance:testClasses.TC2_LoginClass@7d8995e]" started-at="2025-01-31T15:03:46 IST" name="verify_Login" finished-at="2025-01-31T15:03:52 IST" duration-ms="5752" status="PASS">
          <reporter-output>
          </reporter-output>
        </test-method> <!-- verify_Login -->
        <test-method is-config="true" signature="teardown()[pri:0, instance:testClasses.TC2_LoginClass@7d8995e]" started-at="2025-01-31T15:03:52 IST" name="teardown" finished-at="2025-01-31T15:03:53 IST" duration-ms="1147" status="PASS">
          <reporter-output>
          </reporter-output>
        </test-method> <!-- teardown -->
      </class> <!-- testClasses.TC2_LoginClass -->
    </test> <!-- Test -->
  </suite> <!-- Suite -->
</testng-results>
